"F:/OneDrive/Armazenamento_Davi/Projetos/Atelier/LittleAlchemistGame/LittleAlchemist_UE4/Content/Geometry/Meshes/CubeMaterial.uasset" 0
"F:/OneDrive/Armazenamento_Davi/Projetos/Atelier/LittleAlchemistGame/LittleAlchemist_UE4/Content/Geometry/Meshes/1M_Cube_Chamfer.uasset" 1
"F:/OneDrive/Armazenamento_Davi/Projetos/Atelier/LittleAlchemistGame/LittleAlchemist_UE4/Content/Geometry/Meshes/TemplateFloor.uasset" 2
"F:/OneDrive/Armazenamento_Davi/Projetos/Atelier/LittleAlchemistGame/LittleAlchemist_UE4/Content/LittleAlchemistGame/Audio/Musics/Ambiente_Pantanal.uasset" 3
"F:/OneDrive/Armazenamento_Davi/Projetos/Atelier/LittleAlchemistGame/LittleAlchemist_UE4/Content/LittleAlchemistGame/Audio/Musics/Batalha_Chefe.uasset" 4
"F:/OneDrive/Armazenamento_Davi/Projetos/Atelier/LittleAlchemistGame/LittleAlchemist_UE4/Content/LittleAlchemistGame/Audio/Musics/Batalha_Jacare.uasset" 5
"F:/OneDrive/Armazenamento_Davi/Projetos/Atelier/LittleAlchemistGame/LittleAlchemist_UE4/Content/LittleAlchemistGame/Audio/Musics/Batalha_Piranha.uasset" 6
"F:/OneDrive/Armazenamento_Davi/Projetos/Atelier/LittleAlchemistGame/LittleAlchemist_UE4/Content/LittleAlchemistGame/Audio/SFX/Cacau/Explosao_P1.uasset" 7
"F:/OneDrive/Armazenamento_Davi/Projetos/Atelier/LittleAlchemistGame/LittleAlchemist_UE4/Content/LittleAlchemistGame/Audio/SFX/Cacau/Explosao_P2.uasset" 8
"F:/OneDrive/Armazenamento_Davi/Projetos/Atelier/LittleAlchemistGame/LittleAlchemist_UE4/Content/LittleAlchemistGame/Audio/SFX/Cacau/Explosao_P2_Cue.uasset" 9
"F:/OneDrive/Armazenamento_Davi/Projetos/Atelier/LittleAlchemistGame/LittleAlchemist_UE4/Content/LittleAlchemistGame/Audio/SFX/Cacau/Passo_01.uasset" 10
"F:/OneDrive/Armazenamento_Davi/Projetos/Atelier/LittleAlchemistGame/LittleAlchemist_UE4/Content/LittleAlchemistGame/Audio/GeneralAttenuation.uasset" 11
"F:/OneDrive/Armazenamento_Davi/Projetos/Atelier/LittleAlchemistGame/LittleAlchemist_UE4/Content/LittleAlchemistGame/Audio/SFX/Enemy_Jacare/rugidocrocodilo1.uasset" 12
"F:/OneDrive/Armazenamento_Davi/Projetos/Atelier/LittleAlchemistGame/LittleAlchemist_UE4/Content/LittleAlchemistGame/Audio/SFX/Enemy_Jacare/rugidocrocodilo1_Cue.uasset" 13
"F:/OneDrive/Armazenamento_Davi/Projetos/Atelier/LittleAlchemistGame/LittleAlchemist_UE4/Content/LittleAlchemistGame/Characters/Enemy_Jacare/texturajacarekarine.uasset" 14
"F:/OneDrive/Armazenamento_Davi/Projetos/Atelier/LittleAlchemistGame/LittleAlchemist_UE4/Content/LittleAlchemistGame/Characters/Enemy_Jacare/lambert2.uasset" 15
"F:/OneDrive/Armazenamento_Davi/Projetos/Atelier/LittleAlchemistGame/LittleAlchemist_UE4/Content/LittleAlchemistGame/Environment/Pantanal/VegTex_01.uasset" 16
"F:/OneDrive/Armazenamento_Davi/Projetos/Atelier/LittleAlchemistGame/LittleAlchemist_UE4/Content/LittleAlchemistGame/Environment/Pantanal/Vegetacao_Padrao.uasset" 17
"F:/OneDrive/Armazenamento_Davi/Projetos/Atelier/LittleAlchemistGame/LittleAlchemist_UE4/Content/LittleAlchemistGame/Characters/Enemy_Jacare/Proxy_Jacare.uasset" 18
"../../../Engine/Content/BasicShapes/BasicShapeMaterial.uasset" 19
"../../../Engine/Content/Functions/Engine_MaterialFunctions01/Opacity/CameraDepthFade.uasset" 20
"../../../Engine/Content/EngineMaterials/T_Default_Material_Grid_M.uasset" 21
"../../../Engine/Content/EngineMaterials/T_Default_Material_Grid_N.uasset" 22
"../../../Engine/Content/EngineMaterials/DefaultMaterial.uasset" 23
"../../../Engine/Content/BasicShapes/Sphere.uasset" 24
"F:/OneDrive/Armazenamento_Davi/Projetos/Atelier/LittleAlchemistGame/LittleAlchemist_UE4/Content/LittleAlchemistGame/Characters/Main_Cacau/Bombs/Default/Base/Explosion.uasset" 25
"F:/OneDrive/Armazenamento_Davi/Projetos/Atelier/LittleAlchemistGame/LittleAlchemist_UE4/Content/LittleAlchemistGame/Characters/Main_Cacau/Bombs/Default/Base/Base_Explosion_Effect/Explosion_Spark_SpriteSheet_Black.uasset" 26
"F:/OneDrive/Armazenamento_Davi/Projetos/Atelier/LittleAlchemistGame/LittleAlchemist_UE4/Content/LittleAlchemistGame/Characters/Main_Cacau/Bombs/Default/Base/Base_Explosion_Effect/lambert1.uasset" 27
"../../../Engine/Content/Functions/Engine_MaterialFunctions02/Texturing/ScreenAlignedPixelToPixelUVs.uasset" 28
"../../../Engine/Content/EngineMaterials/Good64x64TilingNoiseHighFreq.uasset" 29
"../../../Engine/Content/Functions/Engine_MaterialFunctions02/Utility/DitherTemporalAA.uasset" 30
"F:/OneDrive/Armazenamento_Davi/Projetos/Atelier/LittleAlchemistGame/LittleAlchemist_UE4/Content/LittleAlchemistGame/Characters/Main_Cacau/Bombs/Default/Base/BottleMTL.uasset" 31
"F:/OneDrive/Armazenamento_Davi/Projetos/Atelier/LittleAlchemistGame/LittleAlchemist_UE4/Content/LittleAlchemistGame/Characters/Main_Cacau/Bombs/Default/Base/Cork_MTL.uasset" 32
"F:/OneDrive/Armazenamento_Davi/Projetos/Atelier/LittleAlchemistGame/LittleAlchemist_UE4/Content/LittleAlchemistGame/Characters/Main_Cacau/Bombs/Default/Beeg/Beeg_Liquid_MTL.uasset" 33
"F:/OneDrive/Armazenamento_Davi/Projetos/Atelier/LittleAlchemistGame/LittleAlchemist_UE4/Content/LittleAlchemistGame/Characters/Main_Cacau/Bombs/Default/Beeg/Beeg_ProxyBottle.uasset" 34
"../../Plugins/FX/Niagara/Content/DefaultAssets/DefaultSpriteMaterial.uasset" 35
"../../Plugins/FX/Niagara/Content/Functions/Rotation/RotateAngleOnAxis.uasset" 36
"../../Plugins/FX/Niagara/Content/DynamicInputs/Add/Add_Vector.uasset" 37
"../../Plugins/FX/Niagara/Content/DynamicInputs/Helpers/SimulationPosition.uasset" 38
"../../Plugins/FX/Niagara/Content/DynamicInputs/Multiply/Multiply_Vector.uasset" 39
"../../Plugins/FX/Niagara/Content/DynamicInputs/ValueFromCurve/FloatFromCurve.uasset" 40
"../../Plugins/FX/Niagara/Content/DynamicInputs/ValueFromCurve/VectorFromCurve.uasset" 41
"../../Plugins/FX/Niagara/Content/Functions/Emitter/EmitterChangeState.uasset" 42
"../../Plugins/FX/Niagara/Content/Modules/Emitter/EmitterLifeCycle.uasset" 43
"../../Plugins/FX/Niagara/Content/Modules/Emitter/SpawnBurst_Instantaneous.uasset" 44
"../../Plugins/FX/Niagara/Content/Functions/DirectionAndLengthSafe.uasset" 45
"../../Plugins/FX/Niagara/Content/Functions/Localspace/SimulationPosition.uasset" 46
"../../Plugins/FX/Niagara/Content/Modules/Solvers/SolveForcesAndVelocity.uasset" 47
"../../Plugins/FX/Niagara/Content/Enums/ENiagaraRandomnessMode.uasset" 48
"../../Plugins/FX/Niagara/Content/Functions/GetRandomInfo.uasset" 49
"../../Plugins/FX/Niagara/Content/Functions/RandomRange.uasset" 50
"../../Plugins/FX/Niagara/Content/Modules/Spawn/Initialization/InitializeParticle.uasset" 51
"../../Plugins/FX/Niagara/Content/Enums/ENiagaraScaleColorMode.uasset" 52
"../../Plugins/FX/Niagara/Content/Modules/Update/Color/ScaleColor.uasset" 53
"../../Plugins/FX/Niagara/Content/Modules/Update/Lifetime/ParticleState.uasset" 54
"../../Plugins/FX/Niagara/Content/Enums/ENiagaraCoordinateSpace.uasset" 55
"../../Plugins/FX/Niagara/Content/Functions/Localspace/ENiagaraCoordinateSpace.uasset" 56
"../../Plugins/FX/Niagara/Content/Functions/Localspace/TransformBase.uasset" 57
"../../Plugins/FX/Niagara/Content/Functions/Localspace/TransformVector.uasset" 58
"../../Plugins/FX/Niagara/Content/Functions/Rotation/MultiplyQuaternion.uasset" 59
"../../Plugins/FX/Niagara/Content/Functions/Rotation/AxisAngleToQuaternion.uasset" 60
"../../Plugins/FX/Niagara/Content/Modules/Solvers/ApplyRotationVector.uasset" 61
"../../Plugins/FX/Niagara/Content/Enums/ENiagaraMeshTransforms.uasset" 62
"../../Plugins/FX/Niagara/Content/Modules/Update/Orientation/V2/UpdateMeshOrientation.uasset" 63
"../../Plugins/FX/Niagara/Content/Modules/Update/Size/MeshSizeScale.uasset" 64
"../../../Engine/Content/Functions/Engine_MaterialFunctions01/Texturing/ComputeMipLevel.uasset" 65
"../../../Engine/Content/EngineMaterials/DefaultDiffuse.uasset" 66
"../../../Engine/Content/Functions/Engine_MaterialFunctions01/Texturing/TextureCropping.uasset" 67
"../../../Engine/Content/Functions/Engine_MaterialFunctions02/Utility/BreakOutFloat2Components.uasset" 68
"../../../Engine/Content/Functions/Engine_MaterialFunctions02/ExampleContent/DebugNumberStrip.uasset" 69
"../../../Engine/Content/Functions/Engine_MaterialFunctions02/ExampleContent/Textures/DebugNumberPeriod.uasset" 70
"../../../Engine/Content/Functions/Engine_MaterialFunctions02/Utility/DebugScalarValues.uasset" 71
"../../../Engine/Content/Functions/Engine_MaterialFunctions02/Utility/DebugFloat2Values.uasset" 72
"../../../Engine/Content/Functions/Engine_MaterialFunctions02/ExampleContent/Textures/flipbook.uasset" 73
"../../../Engine/Content/Functions/Engine_MaterialFunctions02/Texturing/FlipBook.uasset" 74
"F:/OneDrive/Armazenamento_Davi/Projetos/Atelier/LittleAlchemistGame/LittleAlchemist_UE4/Content/LittleAlchemistGame/Characters/Main_Cacau/Bombs/Default/Base/Base_Explosion_Effect/Explosion_SmokeRing_SpriteSheet.uasset" 75
"F:/OneDrive/Armazenamento_Davi/Projetos/Atelier/LittleAlchemistGame/LittleAlchemist_UE4/Content/LittleAlchemistGame/Characters/Main_Cacau/Bombs/Default/Base/Base_Explosion_Effect/MTL_SmokeRing.uasset" 76
"F:/OneDrive/Armazenamento_Davi/Projetos/Atelier/LittleAlchemistGame/LittleAlchemist_UE4/Content/LittleAlchemistGame/Characters/Main_Cacau/Bombs/Default/Base/Base_Explosion_Effect/SmokeRing.uasset" 77
"F:/OneDrive/Armazenamento_Davi/Projetos/Atelier/LittleAlchemistGame/LittleAlchemist_UE4/Content/LittleAlchemistGame/Characters/Main_Cacau/Bombs/Default/Beeg/BeegBombExplosion/BeegSmokesEmitter.uasset" 78
"F:/OneDrive/Armazenamento_Davi/Projetos/Atelier/LittleAlchemistGame/LittleAlchemist_UE4/Content/LittleAlchemistGame/Characters/Main_Cacau/Bombs/Default/Base/Base_Explosion_Effect/Explosion_Spark_SpriteSheet_Black_3by2.uasset" 79
"F:/OneDrive/Armazenamento_Davi/Projetos/Atelier/LittleAlchemistGame/LittleAlchemist_UE4/Content/LittleAlchemistGame/Characters/Main_Cacau/Bombs/Default/Base/Base_Explosion_Effect/Sparks.uasset" 80
"../../Plugins/FX/Niagara/Content/DynamicInputs/Helpers/NormalizeVector.uasset" 81
"../../Plugins/FX/Niagara/Content/DynamicInputs/Multiply/Multiply_VectorByFloat.uasset" 82
"../../Plugins/FX/Niagara/Content/Functions/RandomUnitVector.uasset" 83
"../../Plugins/FX/Niagara/Content/DynamicInputs/Random/RandomVector.uasset" 84
"../../Plugins/FX/Niagara/Content/DynamicInputs/ScaleByCurve/ScaleFloatByCurve.uasset" 85
"../../Plugins/FX/Niagara/Content/Functions/Rotation/FindQuatBetween.uasset" 86
"../../Plugins/FX/Niagara/Content/Modules/Spawn/Orientation/V2/InitialMeshOrientation.uasset" 87
"../../Plugins/FX/Niagara/Content/Modules/Spawn/Velocity/AddVelocity.uasset" 88
"../../Plugins/FX/Niagara/Content/Functions/Rotation/InvertQuaternion.uasset" 89
"../../Plugins/FX/Niagara/Content/Functions/Rotation/LerpQuaternion.uasset" 90
"../../Plugins/FX/Niagara/Content/Modules/Update/Orientation/V2/OrientMeshToVector.uasset" 91
"../../Plugins/FX/Niagara/Content/Functions/NormalizeDistanceRange.uasset" 92
"../../Plugins/FX/Niagara/Content/Modules/Update/Velocity/VortexVelocity.uasset" 93
"../../../Engine/Content/Functions/Engine_MaterialFunctions03/Math/RemapValueRange.uasset" 94
"F:/OneDrive/Armazenamento_Davi/Projetos/Atelier/LittleAlchemistGame/LittleAlchemist_UE4/Content/LittleAlchemistGame/Characters/Main_Cacau/Bombs/Default/Base/Base_Explosion_Effect/GroundSmoke_SpriteSheet.uasset" 95
"F:/OneDrive/Armazenamento_Davi/Projetos/Atelier/LittleAlchemistGame/LittleAlchemist_UE4/Content/LittleAlchemistGame/Characters/Main_Cacau/Bombs/Default/Base/Base_Explosion_Effect/GroundSmokeMesh.uasset" 96
"F:/OneDrive/Armazenamento_Davi/Projetos/Atelier/LittleAlchemistGame/LittleAlchemist_UE4/Content/LittleAlchemistGame/Characters/Main_Cacau/Bombs/Default/Base/Base_Explosion_Effect/GroundSmoke_Mesh.uasset" 97
"F:/OneDrive/Armazenamento_Davi/Projetos/Atelier/LittleAlchemistGame/LittleAlchemist_UE4/Content/LittleAlchemistGame/Characters/Main_Cacau/Bombs/Default/Beeg/BeegBombExplosion/GroundBeegSmokeEmitter.uasset" 98
"F:/OneDrive/Armazenamento_Davi/Projetos/Atelier/LittleAlchemistGame/LittleAlchemist_UE4/Content/LittleAlchemistGame/Characters/Main_Cacau/Bombs/Default/Beeg/BeegBombExplosion/GroundBeegSmokeMesh.uasset" 99
"F:/OneDrive/Armazenamento_Davi/Projetos/Atelier/LittleAlchemistGame/LittleAlchemist_UE4/Content/LittleAlchemistGame/Characters/Main_Cacau/Bombs/Default/Beeg/BeegBombExplosion/MTL_BeegSmokeRing.uasset" 100
"F:/OneDrive/Armazenamento_Davi/Projetos/Atelier/LittleAlchemistGame/LittleAlchemist_UE4/Content/LittleAlchemistGame/Characters/Main_Cacau/Bombs/Default/Beeg/BeegBombExplosion/MTL_BeegSmokeRing1.uasset" 101
"F:/OneDrive/Armazenamento_Davi/Projetos/Atelier/LittleAlchemistGame/LittleAlchemist_UE4/Content/LittleAlchemistGame/Environment/Pantanal/Floor/flowmap.uasset" 102
"F:/OneDrive/Armazenamento_Davi/Projetos/Atelier/LittleAlchemistGame/LittleAlchemist_UE4/Content/LittleAlchemistGame/Environment/Pantanal/Floor/TestTexture/Flow.uasset" 103
"F:/OneDrive/Armazenamento_Davi/Projetos/Atelier/LittleAlchemistGame/LittleAlchemist_UE4/Content/LittleAlchemistGame/Environment/Pantanal/Floor/TestTexture/MuddyWater.uasset" 104
"F:/OneDrive/Armazenamento_Davi/Projetos/Atelier/LittleAlchemistGame/LittleAlchemist_UE4/Content/LittleAlchemistGame/Environment/Pantanal/Floor/TestTexture/StylizedGrass.uasset" 105
"F:/OneDrive/Armazenamento_Davi/Projetos/Atelier/LittleAlchemistGame/LittleAlchemist_UE4/Content/LittleAlchemistGame/Environment/Pantanal/Floor/TestTexture/StylizedMudjpg.uasset" 106
"F:/OneDrive/Armazenamento_Davi/Projetos/Atelier/LittleAlchemistGame/LittleAlchemist_UE4/Content/LittleAlchemistGame/Environment/Pantanal/Maquinario/01/base_corpo.uasset" 107
"F:/OneDrive/Armazenamento_Davi/Projetos/Atelier/LittleAlchemistGame/LittleAlchemist_UE4/Content/LittleAlchemistGame/Environment/Pantanal/Maquinario/01/Bronze_01_001_Emiss.uasset" 108
"../../../Engine/Content/Functions/Engine_MaterialFunctions02/Utility/BreakOutFloat3Components.uasset" 109
"../../../Engine/Content/Functions/Engine_MaterialFunctions02/Utility/BreakOutFloat4Components.uasset" 110
"../../../Engine/Content/Functions/Engine_MaterialFunctions02/Utility/MakeFloat3.uasset" 111
"F:/OneDrive/Armazenamento_Davi/Projetos/Atelier/LittleAlchemistGame/LittleAlchemist_UE4/Content/LittleAlchemistGame/Environment/Pantanal/Maquinario/01/Cutoff.uasset" 112
"F:/OneDrive/Armazenamento_Davi/Projetos/Atelier/LittleAlchemistGame/LittleAlchemist_UE4/Content/LittleAlchemistGame/Environment/Pantanal/Maquinario/01/MaquinarioParameters.uasset" 113
"F:/OneDrive/Armazenamento_Davi/Projetos/Atelier/LittleAlchemistGame/LittleAlchemist_UE4/Content/LittleAlchemistGame/Environment/Pantanal/Maquinario/01/Bronze_01_001.uasset" 114
"F:/OneDrive/Armazenamento_Davi/Projetos/Atelier/LittleAlchemistGame/LittleAlchemist_UE4/Content/LittleAlchemistGame/Environment/Pantanal/Maquinario/01/MaquinarioMain.uasset" 115
"F:/OneDrive/Armazenamento_Davi/Projetos/Atelier/LittleAlchemistGame/LittleAlchemist_UE4/Content/LittleAlchemistGame/Environment/Pantanal/Maquinario/01/Maquinario_anelgrande.uasset" 116
"F:/OneDrive/Armazenamento_Davi/Projetos/Atelier/LittleAlchemistGame/LittleAlchemist_UE4/Content/LittleAlchemistGame/Environment/Pantanal/Maquinario/01/Maquinario_Cano_Chao_1.uasset" 117
"F:/OneDrive/Armazenamento_Davi/Projetos/Atelier/LittleAlchemistGame/LittleAlchemist_UE4/Content/LittleAlchemistGame/Environment/Pantanal/Maquinario/01/Maquinario_Object.uasset" 118
"F:/OneDrive/Armazenamento_Davi/Projetos/Atelier/LittleAlchemistGame/LittleAlchemist_UE4/Content/LittleAlchemistGame/Environment/Pantanal/Maquinario/01/Maquinario_valvulareta.uasset" 119
"F:/OneDrive/Armazenamento_Davi/Projetos/Atelier/LittleAlchemistGame/LittleAlchemist_UE4/Content/LittleAlchemistGame/Environment/Pantanal/Maquinario/01/NewMaterial.uasset" 120
"../../../Engine/Content/EditorBlueprintResources/StandardMacros.uasset" 121
"F:/OneDrive/Armazenamento_Davi/Projetos/Atelier/LittleAlchemistGame/LittleAlchemist_UE4/Content/LittleAlchemistGame/Environment/Pantanal/Maquinario/Proxy/Corpo.uasset" 122
"F:/OneDrive/Armazenamento_Davi/Projetos/Atelier/LittleAlchemistGame/LittleAlchemist_UE4/Content/LittleAlchemistGame/Environment/Pantanal/Maquinario/Proxy/Entrada.uasset" 123
"F:/OneDrive/Armazenamento_Davi/Projetos/Atelier/LittleAlchemistGame/LittleAlchemist_UE4/Content/LittleAlchemistGame/Environment/Pantanal/Maquinario/Proxy/Cano.uasset" 124
"F:/OneDrive/Armazenamento_Davi/Projetos/Atelier/LittleAlchemistGame/LittleAlchemist_UE4/Content/LittleAlchemistGame/Environment/Pantanal/Salvinia/Salviniasuv.uasset" 125
"F:/OneDrive/Armazenamento_Davi/Projetos/Atelier/LittleAlchemistGame/LittleAlchemist_UE4/Content/LittleAlchemistGame/Environment/Pantanal/Salvinia/Salvinia_mae.uasset" 126
"F:/OneDrive/Armazenamento_Davi/Projetos/Atelier/LittleAlchemistGame/LittleAlchemist_UE4/Content/LittleAlchemistGame/Environment/Pantanal/Salvinia/Salviniafilha.uasset" 127
"F:/OneDrive/Armazenamento_Davi/Projetos/Atelier/LittleAlchemistGame/LittleAlchemist_UE4/Content/LittleAlchemistGame/Environment/Pantanal/Salvinia/Salvinia_Main.uasset" 128
"F:/OneDrive/Armazenamento_Davi/Projetos/Atelier/LittleAlchemistGame/LittleAlchemist_UE4/Content/LittleAlchemistGame/Environment/Pantanal/Setaria/Setaria_grupo_02.uasset" 129
"F:/OneDrive/Armazenamento_Davi/Projetos/Atelier/LittleAlchemistGame/LittleAlchemist_UE4/Content/LittleAlchemistGame/Environment/Pantanal/Setaria/Setaria_grupo_03.uasset" 130
"F:/OneDrive/Armazenamento_Davi/Projetos/Atelier/LittleAlchemistGame/LittleAlchemist_UE4/Content/LittleAlchemistGame/Environment/Pantanal/Setaria/Setaria_grupo_04.uasset" 131
"F:/OneDrive/Armazenamento_Davi/Projetos/Atelier/LittleAlchemistGame/LittleAlchemist_UE4/Content/LittleAlchemistGame/Environment/Pantanal/Setaria/Setaria_grupo_06.uasset" 132
"F:/OneDrive/Armazenamento_Davi/Projetos/Atelier/LittleAlchemistGame/LittleAlchemist_UE4/Content/LittleAlchemistGame/GUI/IconsAndButtons/ico_abandonar_ingame.uasset" 133
"F:/OneDrive/Armazenamento_Davi/Projetos/Atelier/LittleAlchemistGame/LittleAlchemist_UE4/Content/LittleAlchemistGame/GUI/IconsAndButtons/ico_alvo.uasset" 134
"F:/OneDrive/Armazenamento_Davi/Projetos/Atelier/LittleAlchemistGame/LittleAlchemist_UE4/Content/LittleAlchemistGame/GUI/IconsAndButtons/ico_botao_play.uasset" 135
"F:/OneDrive/Armazenamento_Davi/Projetos/Atelier/LittleAlchemistGame/LittleAlchemist_UE4/Content/LittleAlchemistGame/GUI/IconsAndButtons/ico_configuracoes_menu_inicial.uasset" 136
"F:/OneDrive/Armazenamento_Davi/Projetos/Atelier/LittleAlchemistGame/LittleAlchemist_UE4/Content/LittleAlchemistGame/GUI/IconsAndButtons/ico_continue_ingame.uasset" 137
"F:/OneDrive/Armazenamento_Davi/Projetos/Atelier/LittleAlchemistGame/LittleAlchemist_UE4/Content/LittleAlchemistGame/GUI/IconsAndButtons/ico_continue_menu_inicial.uasset" 138
"F:/OneDrive/Armazenamento_Davi/Projetos/Atelier/LittleAlchemistGame/LittleAlchemist_UE4/Content/LittleAlchemistGame/GUI/IconsAndButtons/ico_dash_1_4.uasset" 139
"F:/OneDrive/Armazenamento_Davi/Projetos/Atelier/LittleAlchemistGame/LittleAlchemist_UE4/Content/LittleAlchemistGame/GUI/IconsAndButtons/ico_dash_2_4.uasset" 140
"F:/OneDrive/Armazenamento_Davi/Projetos/Atelier/LittleAlchemistGame/LittleAlchemist_UE4/Content/LittleAlchemistGame/GUI/IconsAndButtons/ico_dash_3_4.uasset" 141
"F:/OneDrive/Armazenamento_Davi/Projetos/Atelier/LittleAlchemistGame/LittleAlchemist_UE4/Content/LittleAlchemistGame/GUI/IconsAndButtons/ico_dash_carregado.uasset" 142
"F:/OneDrive/Armazenamento_Davi/Projetos/Atelier/LittleAlchemistGame/LittleAlchemist_UE4/Content/LittleAlchemistGame/GUI/IconsAndButtons/ico_dash_line.uasset" 143
"F:/OneDrive/Armazenamento_Davi/Projetos/Atelier/LittleAlchemistGame/LittleAlchemist_UE4/Content/LittleAlchemistGame/GUI/IconsAndButtons/ico_sair_menu_inicial.uasset" 144
"F:/OneDrive/Armazenamento_Davi/Projetos/Atelier/LittleAlchemistGame/LittleAlchemist_UE4/Content/LittleAlchemistGame/GUI/IconsAndButtons/ico_vida_cacau_verde.uasset" 145
"F:/OneDrive/Armazenamento_Davi/Projetos/Atelier/LittleAlchemistGame/LittleAlchemist_UE4/Content/LittleAlchemistGame/GUI/IconsAndButtons/ico_vida_cacau_vermelha.uasset" 146
"F:/OneDrive/Armazenamento_Davi/Projetos/Atelier/LittleAlchemistGame/LittleAlchemist_UE4/Content/LittleAlchemistGame/GUI/IconsAndButtons/ico_vida_inimigo_verde.uasset" 147
"F:/OneDrive/Armazenamento_Davi/Projetos/Atelier/LittleAlchemistGame/LittleAlchemist_UE4/Content/LittleAlchemistGame/GUI/IconsAndButtons/ico_vida_inimigo_vermelha.uasset" 148
"F:/OneDrive/Armazenamento_Davi/Projetos/Atelier/LittleAlchemistGame/LittleAlchemist_UE4/Content/LittleAlchemistGame/LevelGeneration/Chunks/CustomActors/NewFunctionLibrary.uasset" 149
"F:/OneDrive/Armazenamento_Davi/Projetos/Atelier/LittleAlchemistGame/LittleAlchemist_UE4/Content/Mannequin/Character/Mesh/SK_Mannequin_Skeleton.uasset" 150
"F:/OneDrive/Armazenamento_Davi/Projetos/Atelier/LittleAlchemistGame/LittleAlchemist_UE4/Content/Mannequin/Animations/ThirdPerson_Jump.uasset" 151
"F:/OneDrive/Armazenamento_Davi/Projetos/Atelier/LittleAlchemistGame/LittleAlchemist_UE4/Content/Mannequin/Character/Mesh/SK_Mannequin_PhysicsAsset.uasset" 152
"F:/OneDrive/Armazenamento_Davi/Projetos/Atelier/LittleAlchemistGame/LittleAlchemist_UE4/Content/TopDownBP/TopDownOverview.uasset" 153
"F:/OneDrive/Armazenamento_Davi/Projetos/Atelier/LittleAlchemistGame/LittleAlchemist_UE4/Content/Mannequin/Animations/ThirdPersonJump_End.uasset" 154
"F:/OneDrive/Armazenamento_Davi/Projetos/Atelier/LittleAlchemistGame/LittleAlchemist_UE4/Content/Mannequin/Animations/ThirdPersonJump_Loop.uasset" 155
"F:/OneDrive/Armazenamento_Davi/Projetos/Atelier/LittleAlchemistGame/LittleAlchemist_UE4/Content/Mannequin/Animations/ThirdPersonJump_Start.uasset" 156
"F:/OneDrive/Armazenamento_Davi/Projetos/Atelier/LittleAlchemistGame/LittleAlchemist_UE4/Content/Mannequin/Animations/ThirdPersonIdle.uasset" 157
"F:/OneDrive/Armazenamento_Davi/Projetos/Atelier/LittleAlchemistGame/LittleAlchemist_UE4/Content/Mannequin/Animations/ThirdPersonRun.uasset" 158
"F:/OneDrive/Armazenamento_Davi/Projetos/Atelier/LittleAlchemistGame/LittleAlchemist_UE4/Content/Mannequin/Animations/ThirdPersonWalk.uasset" 159
"F:/OneDrive/Armazenamento_Davi/Projetos/Atelier/LittleAlchemistGame/LittleAlchemist_UE4/Content/Mannequin/Animations/ThirdPerson_IdleRun_2D.uasset" 160
"F:/OneDrive/Armazenamento_Davi/Projetos/Atelier/LittleAlchemistGame/LittleAlchemist_UE4/Content/Mannequin/Animations/ThirdPerson_AnimBP.uasset" 161
"../../../Engine/Content/Functions/Engine_MaterialFunctions01/Density/ExponentialDensity.uasset" 162
"../../../Engine/Content/Functions/Engine_MaterialFunctions01/Gradient/RadialGradientExponential.uasset" 163
"F:/OneDrive/Armazenamento_Davi/Projetos/Atelier/LittleAlchemistGame/LittleAlchemist_UE4/Content/TopDownBP/Blueprints/M_Cursor_Decal.uasset" 164
"../../../Engine/Content/Functions/Engine_MaterialFunctions02/Utility/BlendAngleCorrectedNormals.uasset" 165
"../../../Engine/Content/Functions/MaterialLayerFunctions/MatLayerBlend_NormalBlend.uasset" 166
"../../../Engine/Content/Functions/MaterialLayerFunctions/MatLayerBlend_Simple.uasset" 167
"F:/OneDrive/Armazenamento_Davi/Projetos/Atelier/LittleAlchemistGame/LittleAlchemist_UE4/Content/Mannequin/Character/Materials/MaterialLayers/T_ML_Rubber_Blue_01_D.uasset" 168
"F:/OneDrive/Armazenamento_Davi/Projetos/Atelier/LittleAlchemistGame/LittleAlchemist_UE4/Content/Mannequin/Character/Materials/MaterialLayers/T_ML_Rubber_Blue_01_N.uasset" 169
"F:/OneDrive/Armazenamento_Davi/Projetos/Atelier/LittleAlchemistGame/LittleAlchemist_UE4/Content/Mannequin/Character/Materials/MaterialLayers/ML_GlossyBlack_Latex_UE4.uasset" 170
"F:/OneDrive/Armazenamento_Davi/Projetos/Atelier/LittleAlchemistGame/LittleAlchemist_UE4/Content/Mannequin/Character/Materials/MaterialLayers/ML_Plastic_Shiny_Beige.uasset" 171
"F:/OneDrive/Armazenamento_Davi/Projetos/Atelier/LittleAlchemistGame/LittleAlchemist_UE4/Content/Mannequin/Character/Textures/UE4_LOGO_CARD.uasset" 172
"F:/OneDrive/Armazenamento_Davi/Projetos/Atelier/LittleAlchemistGame/LittleAlchemist_UE4/Content/Mannequin/Character/Materials/MaterialLayers/ML_Plastic_Shiny_Beige_LOGO.uasset" 173
"F:/OneDrive/Armazenamento_Davi/Projetos/Atelier/LittleAlchemistGame/LittleAlchemist_UE4/Content/Mannequin/Character/Materials/MaterialLayers/T_ML_Aluminum01.uasset" 174
"F:/OneDrive/Armazenamento_Davi/Projetos/Atelier/LittleAlchemistGame/LittleAlchemist_UE4/Content/Mannequin/Character/Materials/MaterialLayers/T_ML_Aluminum01_N.uasset" 175
"F:/OneDrive/Armazenamento_Davi/Projetos/Atelier/LittleAlchemistGame/LittleAlchemist_UE4/Content/Mannequin/Character/Materials/MaterialLayers/ML_SoftMetal_UE4.uasset" 176
"F:/OneDrive/Armazenamento_Davi/Projetos/Atelier/LittleAlchemistGame/LittleAlchemist_UE4/Content/Mannequin/Character/Textures/T_UE4_Mannequin_Mobile_M.uasset" 177
"F:/OneDrive/Armazenamento_Davi/Projetos/Atelier/LittleAlchemistGame/LittleAlchemist_UE4/Content/Mannequin/Character/Textures/T_UE4_Mannequin_Mobile_N.uasset" 178
"F:/OneDrive/Armazenamento_Davi/Projetos/Atelier/LittleAlchemistGame/LittleAlchemist_UE4/Content/Mannequin/Character/Materials/M_UE4Man_Body.uasset" 179
"F:/OneDrive/Armazenamento_Davi/Projetos/Atelier/LittleAlchemistGame/LittleAlchemist_UE4/Content/Mannequin/Character/Textures/UE4Man_Logo_N.uasset" 180
"F:/OneDrive/Armazenamento_Davi/Projetos/Atelier/LittleAlchemistGame/LittleAlchemist_UE4/Content/Mannequin/Character/Materials/M_UE4Man_ChestLogo.uasset" 181
"F:/OneDrive/Armazenamento_Davi/Projetos/Atelier/LittleAlchemistGame/LittleAlchemist_UE4/Content/Mannequin/Character/Mesh/SK_Mannequin.uasset" 182
"F:/OneDrive/Armazenamento_Davi/Projetos/Atelier/LittleAlchemistGame/LittleAlchemist_UE4/Content/TopDownBP/Blueprints/TopDownCharacter.uasset" 183
"F:/OneDrive/Armazenamento_Davi/Projetos/Atelier/LittleAlchemistGame/LittleAlchemist_UE4/Content/TopDownBP/Blueprints/TopDownController.uasset" 184
"F:/OneDrive/Armazenamento_Davi/Projetos/Atelier/LittleAlchemistGame/LittleAlchemist_UE4/Content/TopDownBP/Blueprints/TopDownGameMode.uasset" 185
"../../../Engine/Content/Animation/DefaultAnimCurveCompressionSettings.uasset" 186
"../../../Engine/Content/EngineMaterials/WorldGridMaterial.uasset" 187
"../../../Engine/Content/ArtTools/RenderToTexture/Meshes/S_1_Unit_Plane.uasset" 188
"../../../Engine/Content/BasicShapes/Cone.uasset" 189
"../../../Engine/Content/BasicShapes/Cylinder.uasset" 190
"../../../Engine/Content/EditorLandscapeResources/DataLayer.uasset" 191
"../../../Engine/Content/EditorMaterials/MAT_Groups_Toggle.uasset" 192
"../../../Engine/Content/EditorMaterials/MAT_Groups_Visibility.uasset" 193
"../../../Engine/Content/EditorMaterials/PreviewShadowIndicator.uasset" 194
"../../../Engine/Content/EditorMaterials/PreviewShadowIndicatorMaterial.uasset" 195
"../../../Engine/Content/EditorMaterials/MatineeGroups/MAT_ColorTrack.uasset" 196
"../../../Engine/Content/EditorMaterials/MatineeGroups/MAT_Groups_Anim.uasset" 197
"../../../Engine/Content/EditorMaterials/MatineeGroups/MAT_Groups_AudioMaster.uasset" 198
"../../../Engine/Content/EditorMaterials/MatineeGroups/MAT_Groups_Director.uasset" 199
"../../../Engine/Content/EditorMaterials/MatineeGroups/MAT_Groups_Event.uasset" 200
"../../../Engine/Content/EditorMaterials/MatineeGroups/MAT_Groups_Fade.uasset" 201
"../../../Engine/Content/EditorMaterials/MatineeGroups/MAT_Groups_Float.uasset" 202
"../../../Engine/Content/EditorMaterials/MatineeGroups/MAT_Groups_Move.uasset" 203
"../../../Engine/Content/EditorMaterials/MatineeGroups/MAT_Groups_Slomo.uasset" 204
"../../../Engine/Content/EditorMaterials/MatineeGroups/MAT_Groups_Sound.uasset" 205
"../../../Engine/Content/EditorMaterials/MatineeGroups/MAT_Groups_Vector.uasset" 206
"../../../Engine/Content/EditorMaterials/ParticleSystems/PSysThumbnail_NoImage.uasset" 207
"../../../Engine/Content/EditorMaterials/ParticleSystems/PSysThumbnail_OOD.uasset" 208
"../../../Engine/Content/EditorMaterials/Camera/CineMat.uasset" 209
"../../../Engine/Content/EditorMaterials/Camera/MI_CineMat_Rig.uasset" 210
"../../../Engine/Content/EditorMeshes/Camera/SM_CraneRig_Arm.uasset" 211
"../../../Engine/Content/EditorMeshes/Camera/SM_CraneRig_Base.uasset" 212
"../../../Engine/Content/EditorMeshes/Camera/SM_CraneRig_Body.uasset" 213
"../../../Engine/Content/EditorMeshes/Camera/SM_CraneRig_Mount.uasset" 214
"../../../Engine/Content/EditorMeshes/Camera/SM_RailRig_Mount.uasset" 215
"../../../Engine/Content/EditorMeshes/Camera/SM_RailRig_Track.uasset" 216
"../../../Engine/Content/EditorResources/BSPVertex.uasset" 217
"../../../Engine/Content/EditorResources/EmptyActor.uasset" 218
"../../../Engine/Content/EditorResources/S_Actor.uasset" 219
"../../../Engine/Content/EditorResources/S_Note.uasset" 220
"../../../Engine/Content/EditorResources/S_Solver.uasset" 221
"../../../Engine/Content/EditorResources/S_Trigger.uasset" 222
"../../../Engine/Content/EditorResources/AudioIcons/S_AudioComponent_AutoActivate.uasset" 223
"../../../Engine/Content/EditorResources/SequenceRecorder/Countdown.uasset" 224
"../../../Engine/Content/EditorResources/SequenceRecorder/RecordingIndicator.uasset" 225
"../../../Engine/Content/EditorSounds/Notifications/CompileFailed.uasset" 226
"../../../Engine/Content/EditorSounds/Notifications/CompileFailed_Cue.uasset" 227
"../../../Engine/Content/EditorSounds/Notifications/CompileSuccess.uasset" 228
"../../../Engine/Content/EditorSounds/Notifications/CompileStart_Cue.uasset" 229
"../../../Engine/Content/EditorSounds/Notifications/CompileSuccess_Cue.uasset" 230
"../../../Engine/Content/EngineDamageTypes/DmgTypeBP_Environmental.uasset" 231
"../../../Engine/Content/EngineDebugMaterials/DebugEditorMaterial.uasset" 232
"../../../Engine/Content/EngineDebugMaterials/DebugMeshMaterial.uasset" 233
"../../../Engine/Content/EngineDebugMaterials/M_SimpleTranslucent.uasset" 234
"../../../Engine/Content/Functions/Engine_MaterialFunctions02/Utility/CameraDirectionVector.uasset" 235
"../../../Engine/Content/EngineDebugMaterials/VolumeToRender.uasset" 236
"../../../Engine/Content/EngineDebugMaterials/M_VolumeRenderSphereTracePP.uasset" 237
"../../../Engine/Content/EngineDebugMaterials/WireframeMaterial.uasset" 238
"../../../Engine/Content/EngineFonts/Faces/DroidSansFallback.uasset" 239
"../../../Engine/Content/EngineFonts/Faces/RobotoBold.uasset" 240
"../../../Engine/Content/EngineFonts/Faces/RobotoBoldItalic.uasset" 241
"../../../Engine/Content/EngineFonts/Faces/RobotoItalic.uasset" 242
"../../../Engine/Content/EngineFonts/Faces/RobotoLight.uasset" 243
"../../../Engine/Content/EngineFonts/Faces/RobotoRegular.uasset" 244
"../../../Engine/Content/EngineFonts/Roboto.uasset" 245
"../../../Engine/Content/EngineMaterials/BaseFlattenDiffuseMap.uasset" 246
"../../../Engine/Content/EngineMaterials/BaseFlattenEmissiveMap.uasset" 247
"../../../Engine/Content/EngineMaterials/BaseFlattenGrayscaleMap.uasset" 248
"../../../Engine/Content/EngineMaterials/BaseFlattenNormalMap.uasset" 249
"../../../Engine/Content/EngineMaterials/BaseFlattenMaterial.uasset" 250
"../../../Engine/Content/EngineMaterials/BlueNoise.uasset" 251
"../../../Engine/Content/EngineMaterials/DefaultBloomKernel.uasset" 252
"../../../Engine/Content/EngineMaterials/DefaultBokeh.uasset" 253
"../../../Engine/Content/EngineMaterials/DefaultDeferredDecalMaterial.uasset" 254
"../../../Engine/Content/EngineMaterials/DefaultLightFunctionMaterial.uasset" 255
"../../../Engine/Content/EngineMaterials/DefaultPhysicalMaterial.uasset" 256
"../../../Engine/Content/EngineMaterials/DefaultPostProcessMaterial.uasset" 257
"../../../Engine/Content/EngineFonts/RobotoDistanceField.uasset" 258
"../../../Engine/Content/EngineMaterials/DefaultTextMaterialOpaque.uasset" 259
"../../../Engine/Content/EngineMaterials/DefaultVirtualTextureMaterial.uasset" 260
"../../../Engine/Content/EngineMaterials/DefaultWhiteGrid.uasset" 261
"../../../Engine/Content/EngineMaterials/DefaultWhiteGrid_Low.uasset" 262
"../../../Engine/Content/EngineMaterials/EmissiveMeshMaterial.uasset" 263
"../../../Engine/Content/EngineMaterials/GizmoMaterial.uasset" 264
"../../../Engine/Content/EngineMaterials/HairDefaultMaterial.uasset" 265
"../../../Engine/Content/EngineMaterials/MiniFont.uasset" 266
"../../../Engine/Content/EngineMaterials/InvalidLightmapSettings.uasset" 267
"../../../Engine/Content/EngineMaterials/M_InvalidLightmapSettings.uasset" 268
"../../../Engine/Content/Functions/Engine_MaterialFunctions02/WorldPositionOffset/CameraOffset.uasset" 269
"../../../Engine/Content/EngineMaterials/PhAT_JointLimitMaterial.uasset" 270
"../../../Engine/Content/EngineMaterials/PreintegratedSkinBRDF.uasset" 271
"../../../Engine/Content/EngineMaterials/RemoveSurfaceMaterial.uasset" 272
"../../../Engine/Content/EngineMaterials/WeightMapPlaceholderTexture.uasset" 273
"../../../Engine/Content/EngineResources/WhiteSquareTexture.uasset" 274
"../../../Engine/Content/EngineMaterials/Widget3DPassThrough.uasset" 275
"../../../Engine/Content/EngineMaterials/Widget3DPassThrough_Masked.uasset" 276
"../../../Engine/Content/EngineMaterials/Widget3DPassThrough_Opaque.uasset" 277
"../../../Engine/Content/EngineMaterials/Widget3DPassThrough_Masked_OneSided.uasset" 278
"../../../Engine/Content/EngineMaterials/Widget3DPassThrough_Opaque_OneSided.uasset" 279
"../../../Engine/Content/EngineMaterials/Widget3DPassThrough_Translucent.uasset" 280
"../../../Engine/Content/EngineMaterials/Widget3DPassThrough_Translucent_OneSided.uasset" 281
"../../../Engine/Content/EngineMeshes/Cylinder.uasset" 282
"../../../Engine/Content/EngineMeshes/Sphere.uasset" 283
"../../../Engine/Content/EngineResources/Black.uasset" 284
"../../../Engine/Content/EngineResources/DefaultTexture.uasset" 285
"../../../Engine/Content/EngineResources/DefaultTextureCube.uasset" 286
"../../../Engine/Content/EngineResources/DefaultVolumeTexture2D.uasset" 287
"../../../Engine/Content/EngineResources/DefaultVolumeTexture.uasset" 288
"../../../Engine/Content/EngineResources/GradientTexture0.uasset" 289
"../../../Engine/Content/EngineSounds/Master.uasset" 290
"../../../Engine/Content/Functions/Engine_MaterialFunctions01/Shading/ConvertFromDiffSpec.uasset" 291
"../../../Engine/Content/Functions/Engine_MaterialFunctions01/Shading/PowerToRoughness.uasset" 292
"../../../Engine/Content/Maps/Templates/Thumbnails/Default.uasset" 293
"../../../Engine/Content/Maps/Templates/Thumbnails/TimeOfDay.uasset" 294
"../../../Engine/Content/Maps/Templates/Thumbnails/VR-Basic.uasset" 295
"../../../Engine/Content/MobileResources/T_MobileControls_texture.uasset" 296
"../../../Engine/Content/MobileResources/T_MobileMenu2.uasset" 297
"../../../Engine/Content/MobileResources/HUD/AnalogHat.uasset" 298
"../../../Engine/Content/MobileResources/HUD/VirtualJoystick_Background.uasset" 299
"../../../Engine/Content/MobileResources/HUD/VirtualJoystick_Thumb.uasset" 300
"../../../Engine/Content/MobileResources/HUD/DefaultVirtualJoysticks.uasset" 301
"../../../Engine/Content/MobileResources/HUD/LeftVirtualJoystickOnly.uasset" 302
"../../../Engine/Content/MobileResources/HUD/MobileHUDButton1_off.uasset" 303
"../../../Engine/Content/MobileResources/HUD/MobileHUDButton1_on.uasset" 304
"../../../Engine/Content/MobileResources/HUD/MobileHUDButton2_off.uasset" 305
"../../../Engine/Content/MobileResources/HUD/MobileHUDButton2_on.uasset" 306
"../../../Engine/Content/MobileResources/HUD/MobileHUDButton3.uasset" 307
"../../../Engine/Content/MobileResources/HUD/MobileHUDButtonFire.uasset" 308
"../../../Engine/Content/MobileResources/HUD/MobileHUDDirectionPad.uasset" 309
"../../../Engine/Content/MobileResources/HUD/MobileHUDDirectionPad2.uasset" 310
"../../../Engine/Content/MobileResources/HUD/MobileHUDDirectionPad3.uasset" 311
"../../../Engine/Content/MobileResources/HUD/MobileHUDDirectionStick.uasset" 312
"../../../Engine/Content/MobileResources/HUD/T_Castle_ThumbstickInner.uasset" 313
"../../../Engine/Content/MobileResources/HUD/T_Castle_ThumbstickOutter.uasset" 314
"../../../Engine/Content/Tutorial/ContentIntroCurve.uasset" 315
"../../../Engine/Content/Tutorial/Basics/LevelEditorAttract.uasset" 316
"../../../Engine/Content/VREditor/LaserPointer/VR_LaserPower_01.uasset" 317
"../../../Engine/Content/VREditor/TransformGizmo/TransformGizmoMaterial.uasset" 318
"../../../Engine/Content/VREditor/TransformGizmo/TranslucentTransformGizmoMaterial.uasset" 319
"../../../Engine/Content/VREditor/TransformGizmo/BoundingBoxCorner.uasset" 320
"../../../Engine/Content/VREditor/TransformGizmo/BoundingBoxEdge.uasset" 321
"../../../Engine/Content/VREditor/TransformGizmo/PlaneTranslationHandle.uasset" 322
"../../../Engine/Content/VREditor/TransformGizmo/Main.uasset" 323
"../../../Engine/Content/VREditor/TransformGizmo/Xray.uasset" 324
"../../../Engine/Content/VREditor/TransformGizmo/SM_Sequencer_Key.uasset" 325
"../../../Engine/Content/VREditor/TransformGizmo/SM_Sequencer_Node.uasset" 326
"../../Plugins/2D/Paper2D/Content/PlaceholderTextures/DummySpriteTexture.uasset" 327
"../../Plugins/2D/Paper2D/Content/DummySprite.uasset" 328
"../../Plugins/2D/Paper2D/Content/DefaultPaperTerrainMaterial.uasset" 329
"../../Plugins/2D/Paper2D/Content/DummySpriteTexture.uasset" 330
"../../Plugins/2D/Paper2D/Content/DefaultSpriteMaterial.uasset" 331
"../../Plugins/2D/Paper2D/Content/MaskedUnlitSpriteMaterial.uasset" 332
"../../Plugins/2D/Paper2D/Content/OpaqueUnlitSpriteMaterial.uasset" 333
"../../Plugins/FX/Niagara/Content/Enums/ENiagaraBooleanLogicOps.uasset" 334
"../../Plugins/FX/Niagara/Content/Enums/ENiagaraExpansionMode.uasset" 335
"../../Plugins/FX/Niagara/Content/Enums/ENiagaraOrientationAxis.uasset" 336
"../../../Engine/Content/Functions/Engine_MaterialFunctions02/Utility/MakeFloat2.uasset" 337
"../../Plugins/Runtime/Oculus/OculusVR/Content/Materials/OculusMR_ChromaKey.uasset" 338
"../../Plugins/Runtime/Oculus/OculusVR/Content/Materials/OculusMR_ChromaKey_Lit.uasset" 339
"../../Plugins/Runtime/Oculus/OculusVR/Content/Materials/OculusMR_OpaqueColoredMaterial.uasset" 340
"../../Plugins/Runtime/Oculus/OculusVR/Content/Materials/OculusMR_WhiteMaterial.uasset" 341
"F:/OneDrive/Armazenamento_Davi/Projetos/Atelier/LittleAlchemistGame/LittleAlchemist_UE4/Content/LittleAlchemistGame/Characters/Enemy_Jacare/TestPoseJacare_Skeleton.uasset" 342
"F:/OneDrive/Armazenamento_Davi/Projetos/Atelier/LittleAlchemistGame/LittleAlchemist_UE4/Content/LittleAlchemistGame/Characters/Enemy_Jacare/TestPoseJacare_Anim.uasset" 343
"F:/OneDrive/Armazenamento_Davi/Projetos/Atelier/LittleAlchemistGame/LittleAlchemist_UE4/Content/LittleAlchemistGame/LevelGeneration/ChunkYStructure.uasset" 344
"F:/OneDrive/Armazenamento_Davi/Projetos/Atelier/LittleAlchemistGame/LittleAlchemist_UE4/Content/LittleAlchemistGame/Environment/Pantanal/Maquinario/01/Maquinario_ShadowOnly.uasset" 345
"F:/OneDrive/Armazenamento_Davi/Projetos/Atelier/LittleAlchemistGame/LittleAlchemist_UE4/Content/LittleAlchemistGame/Environment/Pantanal/VegMoveMult_01.uasset" 346
"F:/OneDrive/Armazenamento_Davi/Projetos/Atelier/LittleAlchemistGame/LittleAlchemist_UE4/Content/LittleAlchemistGame/Environment/Pantanal/Caranda/MAT_Caranda.uasset" 347
"F:/OneDrive/Armazenamento_Davi/Projetos/Atelier/LittleAlchemistGame/LittleAlchemist_UE4/Content/LittleAlchemistGame/Environment/Pantanal/Caranda/Caranda01.uasset" 348
"../../../Engine/Content/Functions/Engine_MaterialFunctions02/Texturing/CustomRotator.uasset" 349
"F:/OneDrive/Armazenamento_Davi/Projetos/Atelier/LittleAlchemistGame/LittleAlchemist_UE4/Content/LittleAlchemistGame/Environment/Pantanal/Floor/MuddyWater_Bottom.uasset" 350
"F:/OneDrive/Armazenamento_Davi/Projetos/Atelier/LittleAlchemistGame/LittleAlchemist_UE4/Content/LittleAlchemistGame/Environment/Pantanal/Floor/MuddyWater_MudLayer.uasset" 351
"F:/OneDrive/Armazenamento_Davi/Projetos/Atelier/LittleAlchemistGame/LittleAlchemist_UE4/Content/LittleAlchemistGame/Environment/Pantanal/Floor/MuddyWater_TopLayer.uasset" 352
"F:/OneDrive/Armazenamento_Davi/Projetos/Atelier/LittleAlchemistGame/LittleAlchemist_UE4/Content/LittleAlchemistGame/Environment/Pantanal/Floor/PantanalDryGrass_basecolor.uasset" 353
"F:/OneDrive/Armazenamento_Davi/Projetos/Atelier/LittleAlchemistGame/LittleAlchemist_UE4/Content/LittleAlchemistGame/Environment/Pantanal/Floor/PantanalEarthy_basecolor.uasset" 354
"F:/OneDrive/Armazenamento_Davi/Projetos/Atelier/LittleAlchemistGame/LittleAlchemist_UE4/Content/LittleAlchemistGame/Environment/Pantanal/Floor/PantanalWetGrass_basecolor.uasset" 355
"F:/OneDrive/Armazenamento_Davi/Projetos/Atelier/LittleAlchemistGame/LittleAlchemist_UE4/Content/LittleAlchemistGame/Environment/Pantanal/Floor/TestTexture/Minor_01_Masking.uasset" 356
"F:/OneDrive/Armazenamento_Davi/Projetos/Atelier/LittleAlchemistGame/LittleAlchemist_UE4/Content/LittleAlchemistGame/Environment/Pantanal/Floor/Floor.uasset" 357
"F:/OneDrive/Armazenamento_Davi/Projetos/Atelier/LittleAlchemistGame/LittleAlchemist_UE4/Content/LittleAlchemistGame/Environment/Pantanal/Floor/Floor_Minor_01.uasset" 358
"F:/OneDrive/Armazenamento_Davi/Projetos/Atelier/LittleAlchemistGame/LittleAlchemist_UE4/Content/LittleAlchemistGame/Environment/Pantanal/Maquinario/01/Maquinario_bastaosustentacao.uasset" 359
"F:/OneDrive/Armazenamento_Davi/Projetos/Atelier/LittleAlchemistGame/LittleAlchemist_UE4/Content/LittleAlchemistGame/Environment/Pantanal/Maquinario/01/Maquinario_CanoCorpo.uasset" 360
"F:/OneDrive/Armazenamento_Davi/Projetos/Atelier/LittleAlchemistGame/LittleAlchemist_UE4/Content/LittleAlchemistGame/Environment/Pantanal/Maquinario/01/Maquinario_Entrada_Cano.uasset" 361
"F:/OneDrive/Armazenamento_Davi/Projetos/Atelier/LittleAlchemistGame/LittleAlchemist_UE4/Content/LittleAlchemistGame/Environment/Pantanal/Maquinario/01/Maquinario_Joelho.uasset" 362
"F:/OneDrive/Armazenamento_Davi/Projetos/Atelier/LittleAlchemistGame/LittleAlchemist_UE4/Content/LittleAlchemistGame/Environment/Pantanal/Maquinario/01/Maquinario_Joelho_saida.uasset" 363
"F:/OneDrive/Armazenamento_Davi/Projetos/Atelier/LittleAlchemistGame/LittleAlchemist_UE4/Content/LittleAlchemistGame/Environment/Pantanal/Maquinario/01/Maquinario_valvularedonda.uasset" 364
"F:/OneDrive/Armazenamento_Davi/Projetos/Atelier/LittleAlchemistGame/LittleAlchemist_UE4/Content/LittleAlchemistGame/Environment/Pantanal/Setaria/Setaria_grupo_01.uasset" 365
"F:/OneDrive/Armazenamento_Davi/Projetos/Atelier/LittleAlchemistGame/LittleAlchemist_UE4/Content/LittleAlchemistGame/Environment/Pantanal/Setaria/Setaria_grupo_05.uasset" 366
"F:/OneDrive/Armazenamento_Davi/Projetos/Atelier/LittleAlchemistGame/LittleAlchemist_UE4/Content/LittleAlchemistGame/LevelGeneration/Chunks/ConstructionChunks/Prototype/Chunk.uasset" 367
"F:/OneDrive/Armazenamento_Davi/Projetos/Atelier/LittleAlchemistGame/LittleAlchemist_UE4/Content/LittleAlchemistGame/Characters/Main_Cacau/Cacau_SK.uasset" 368
"F:/OneDrive/Armazenamento_Davi/Projetos/Atelier/LittleAlchemistGame/LittleAlchemist_UE4/Content/LittleAlchemistGame/Characters/Main_Cacau/Cacau_Idle_01_001_Anim.uasset" 369
"F:/OneDrive/Armazenamento_Davi/Projetos/Atelier/LittleAlchemistGame/LittleAlchemist_UE4/Content/LittleAlchemistGame/Audio/SFX/Cacau/passo01.uasset" 370
"F:/OneDrive/Armazenamento_Davi/Projetos/Atelier/LittleAlchemistGame/LittleAlchemist_UE4/Content/LittleAlchemistGame/Audio/SFX/Cacau/passo03.uasset" 371
"F:/OneDrive/Armazenamento_Davi/Projetos/Atelier/LittleAlchemistGame/LittleAlchemist_UE4/Content/LittleAlchemistGame/Characters/Main_Cacau/Cacau_Run_01_025.uasset" 372
"F:/OneDrive/Armazenamento_Davi/Projetos/Atelier/LittleAlchemistGame/LittleAlchemist_UE4/Content/LittleAlchemistGame/Characters/Main_Cacau/Cacau_Idle_RunBS.uasset" 373
"F:/OneDrive/Armazenamento_Davi/Projetos/Atelier/LittleAlchemistGame/LittleAlchemist_UE4/Content/LittleAlchemistGame/Characters/Main_Cacau/Cacau_Anim_BP.uasset" 374
"F:/OneDrive/Armazenamento_Davi/Projetos/Atelier/LittleAlchemistGame/LittleAlchemist_UE4/Content/LittleAlchemistGame/Characters/Main_Cacau/Bombs/Default/Base/Base_Explosion_Effect/MTL_InnerCore.uasset" 375
"F:/OneDrive/Armazenamento_Davi/Projetos/Atelier/LittleAlchemistGame/LittleAlchemist_UE4/Content/LittleAlchemistGame/Characters/Main_Cacau/Bombs/Default/Base/Base_Explosion_Effect/PlasmaNoise.uasset" 376
"F:/OneDrive/Armazenamento_Davi/Projetos/Atelier/LittleAlchemistGame/LittleAlchemist_UE4/Content/LittleAlchemistGame/Characters/Main_Cacau/Bombs/Default/Base/Base_Explosion_Effect/MTL_OuterCore.uasset" 377
"F:/OneDrive/Armazenamento_Davi/Projetos/Atelier/LittleAlchemistGame/LittleAlchemist_UE4/Content/LittleAlchemistGame/Characters/Main_Cacau/Bombs/Default/Base/Base_Explosion_Effect/Cores.uasset" 378
"F:/OneDrive/Armazenamento_Davi/Projetos/Atelier/LittleAlchemistGame/LittleAlchemist_UE4/Content/LittleAlchemistGame/Characters/Main_Cacau/Bombs/Default/Base/Base_Explosion_Effect/CoreEmitter.uasset" 379
"F:/OneDrive/Armazenamento_Davi/Projetos/Atelier/LittleAlchemistGame/LittleAlchemist_UE4/Content/LittleAlchemistGame/Characters/Main_Cacau/Bombs/Default/Base/Base_Explosion_Effect/GroundSmokeEmitter.uasset" 380
"F:/OneDrive/Armazenamento_Davi/Projetos/Atelier/LittleAlchemistGame/LittleAlchemist_UE4/Content/LittleAlchemistGame/Characters/Main_Cacau/Bombs/Default/Base/Base_Explosion_Effect/SmokesEmitter.uasset" 381
"F:/OneDrive/Armazenamento_Davi/Projetos/Atelier/LittleAlchemistGame/LittleAlchemist_UE4/Content/LittleAlchemistGame/Characters/Main_Cacau/Bombs/Default/Base/Base_Explosion_Effect/MTL_SmokeRing1.uasset" 382
"F:/OneDrive/Armazenamento_Davi/Projetos/Atelier/LittleAlchemistGame/LittleAlchemist_UE4/Content/LittleAlchemistGame/Characters/Main_Cacau/Bombs/Default/Base/Base_Explosion_Effect/RefPlane.uasset" 383
"F:/OneDrive/Armazenamento_Davi/Projetos/Atelier/LittleAlchemistGame/LittleAlchemist_UE4/Content/LittleAlchemistGame/Characters/Main_Cacau/Bombs/Default/Base/Base_Explosion_Effect/SparksEmitter.uasset" 384
"../../Plugins/FX/Niagara/Content/Functions/System/SystemChangeState.uasset" 385
"../../Plugins/FX/Niagara/Content/Modules/System/SystemLifeCycle.uasset" 386
"F:/OneDrive/Armazenamento_Davi/Projetos/Atelier/LittleAlchemistGame/LittleAlchemist_UE4/Content/LittleAlchemistGame/Characters/Main_Cacau/Bombs/Default/Base/Base_Explosion_Effect/DefaultBombSystem.uasset" 387
"F:/OneDrive/Armazenamento_Davi/Projetos/Atelier/LittleAlchemistGame/LittleAlchemist_UE4/Content/LittleAlchemistGame/Characters/Main_Cacau/Bombs/Default/Base/Liquid_MTL.uasset" 388
"F:/OneDrive/Armazenamento_Davi/Projetos/Atelier/LittleAlchemistGame/LittleAlchemist_UE4/Content/LittleAlchemistGame/Characters/Main_Cacau/Bombs/Default/Base/ProxyBottle.uasset" 389
"F:/OneDrive/Armazenamento_Davi/Projetos/Atelier/LittleAlchemistGame/LittleAlchemist_UE4/Content/LittleAlchemistGame/Characters/Main_Cacau/Bombs/Default/Base/Base_Bomb.uasset" 390
"F:/OneDrive/Armazenamento_Davi/Projetos/Atelier/LittleAlchemistGame/LittleAlchemist_UE4/Content/LittleAlchemistGame/Characters/Main_Cacau/Eye_AO.uasset" 391
"F:/OneDrive/Armazenamento_Davi/Projetos/Atelier/LittleAlchemistGame/LittleAlchemist_UE4/Content/LittleAlchemistGame/Characters/Main_Cacau/Eye_Color.uasset" 392
"F:/OneDrive/Armazenamento_Davi/Projetos/Atelier/LittleAlchemistGame/LittleAlchemist_UE4/Content/LittleAlchemistGame/Characters/Main_Cacau/Eyes_MTL.uasset" 393
"F:/OneDrive/Armazenamento_Davi/Projetos/Atelier/LittleAlchemistGame/LittleAlchemist_UE4/Content/LittleAlchemistGame/Characters/Main_Cacau/Cacau_UV_LP_04_Cacau_UV_Main_MTL_BaseColor.uasset" 394
"F:/OneDrive/Armazenamento_Davi/Projetos/Atelier/LittleAlchemistGame/LittleAlchemist_UE4/Content/LittleAlchemistGame/Characters/Main_Cacau/Cacau_UV_LP_04_Cacau_UV_Main_MTL_OcclusionRoughnessMetallic.uasset" 395
"F:/OneDrive/Armazenamento_Davi/Projetos/Atelier/LittleAlchemistGame/LittleAlchemist_UE4/Content/LittleAlchemistGame/Characters/Main_Cacau/Main_MTL.uasset" 396
"F:/OneDrive/Armazenamento_Davi/Projetos/Atelier/LittleAlchemistGame/LittleAlchemist_UE4/Content/LittleAlchemistGame/Characters/Main_Cacau/Cacau_UV_LP_04_Cacau_UV_Bermuda_MTL_BaseColor.uasset" 397
"F:/OneDrive/Armazenamento_Davi/Projetos/Atelier/LittleAlchemistGame/LittleAlchemist_UE4/Content/LittleAlchemistGame/Characters/Main_Cacau/Cacau_UV_LP_04_Cacau_UV_Bermuda_MTL_OcclusionRoughnessMetallic.uasset" 398
"F:/OneDrive/Armazenamento_Davi/Projetos/Atelier/LittleAlchemistGame/LittleAlchemist_UE4/Content/LittleAlchemistGame/Characters/Main_Cacau/Bermuda_MTL.uasset" 399
"F:/OneDrive/Armazenamento_Davi/Projetos/Atelier/LittleAlchemistGame/LittleAlchemist_UE4/Content/LittleAlchemistGame/Characters/Main_Cacau/Cacau_UV_LP_04_Cacau_UV_Capa_MTL_BaseColor.uasset" 400
"F:/OneDrive/Armazenamento_Davi/Projetos/Atelier/LittleAlchemistGame/LittleAlchemist_UE4/Content/LittleAlchemistGame/Characters/Main_Cacau/Cacau_UV_LP_04_Cacau_UV_Capa_MTL_OcclusionRoughnessMetallic.uasset" 401
"F:/OneDrive/Armazenamento_Davi/Projetos/Atelier/LittleAlchemistGame/LittleAlchemist_UE4/Content/LittleAlchemistGame/Characters/Main_Cacau/Capa_MTL.uasset" 402
"F:/OneDrive/Armazenamento_Davi/Projetos/Atelier/LittleAlchemistGame/LittleAlchemist_UE4/Content/LittleAlchemistGame/Characters/Main_Cacau/Cacau_UV_LP_04_Cacau_UV_Cinto_MTL_BaseColor.uasset" 403
"F:/OneDrive/Armazenamento_Davi/Projetos/Atelier/LittleAlchemistGame/LittleAlchemist_UE4/Content/LittleAlchemistGame/Characters/Main_Cacau/Cacau_UV_LP_04_Cacau_UV_Cinto_MTL_OcclusionRoughnessMetallic.uasset" 404
"F:/OneDrive/Armazenamento_Davi/Projetos/Atelier/LittleAlchemistGame/LittleAlchemist_UE4/Content/LittleAlchemistGame/Characters/Main_Cacau/Cinto_MTL.uasset" 405
"F:/OneDrive/Armazenamento_Davi/Projetos/Atelier/LittleAlchemistGame/LittleAlchemist_UE4/Content/LittleAlchemistGame/Characters/Main_Cacau/Cacau_UV_LP_04_Cacau_UV_Hair_MTL_BaseColor.uasset" 406
"F:/OneDrive/Armazenamento_Davi/Projetos/Atelier/LittleAlchemistGame/LittleAlchemist_UE4/Content/LittleAlchemistGame/Characters/Main_Cacau/Cacau_UV_LP_04_Cacau_UV_Hair_MTL_OcclusionRoughnessMetallic.uasset" 407
"F:/OneDrive/Armazenamento_Davi/Projetos/Atelier/LittleAlchemistGame/LittleAlchemist_UE4/Content/LittleAlchemistGame/Characters/Main_Cacau/Hair_MTL.uasset" 408
"F:/OneDrive/Armazenamento_Davi/Projetos/Atelier/LittleAlchemistGame/LittleAlchemist_UE4/Content/LittleAlchemistGame/Characters/Main_Cacau/Cacau_UV_LP_04_Cacau_UV_Luva_MTL_BaseColor.uasset" 409
"F:/OneDrive/Armazenamento_Davi/Projetos/Atelier/LittleAlchemistGame/LittleAlchemist_UE4/Content/LittleAlchemistGame/Characters/Main_Cacau/Cacau_UV_LP_04_Cacau_UV_Luva_MTL_OcclusionRoughnessMetallic.uasset" 410
"F:/OneDrive/Armazenamento_Davi/Projetos/Atelier/LittleAlchemistGame/LittleAlchemist_UE4/Content/LittleAlchemistGame/Characters/Main_Cacau/Luva_MTL.uasset" 411
"F:/OneDrive/Armazenamento_Davi/Projetos/Atelier/LittleAlchemistGame/LittleAlchemist_UE4/Content/LittleAlchemistGame/Characters/Main_Cacau/Cacau_PhysicsAsset.uasset" 412
"F:/OneDrive/Armazenamento_Davi/Projetos/Atelier/LittleAlchemistGame/LittleAlchemist_UE4/Content/LittleAlchemistGame/Characters/Main_Cacau/CacauMesh_01_001.uasset" 413
"F:/OneDrive/Armazenamento_Davi/Projetos/Atelier/LittleAlchemistGame/LittleAlchemist_UE4/Content/LittleAlchemistGame/Characters/Main_Cacau/Control/Cacau_CharBP.uasset" 414
"F:/OneDrive/Armazenamento_Davi/Projetos/Atelier/LittleAlchemistGame/LittleAlchemist_UE4/Content/LittleAlchemistGame/Characters/Main_Cacau/Bombs/Default/Beeg/BeegBombExplosion/MTL_Beeg_InnerCore.uasset" 415
"F:/OneDrive/Armazenamento_Davi/Projetos/Atelier/LittleAlchemistGame/LittleAlchemist_UE4/Content/LittleAlchemistGame/Characters/Main_Cacau/Bombs/Default/Beeg/BeegBombExplosion/MTL_BeegOuterCore.uasset" 416
"F:/OneDrive/Armazenamento_Davi/Projetos/Atelier/LittleAlchemistGame/LittleAlchemist_UE4/Content/LittleAlchemistGame/Characters/Main_Cacau/Bombs/Default/Beeg/BeegBombExplosion/Beeg_Cores.uasset" 417
"F:/OneDrive/Armazenamento_Davi/Projetos/Atelier/LittleAlchemistGame/LittleAlchemist_UE4/Content/LittleAlchemistGame/Characters/Main_Cacau/Bombs/Default/Beeg/BeegBombExplosion/BeegCoreEmitter.uasset" 418
"F:/OneDrive/Armazenamento_Davi/Projetos/Atelier/LittleAlchemistGame/LittleAlchemist_UE4/Content/LittleAlchemistGame/Characters/Main_Cacau/Bombs/Default/Beeg/BeegBombExplosion/BeegSparks.uasset" 419
"F:/OneDrive/Armazenamento_Davi/Projetos/Atelier/LittleAlchemistGame/LittleAlchemist_UE4/Content/LittleAlchemistGame/Characters/Main_Cacau/Bombs/Default/Beeg/BeegBombExplosion/Beeg_RefPlane.uasset" 420
"F:/OneDrive/Armazenamento_Davi/Projetos/Atelier/LittleAlchemistGame/LittleAlchemist_UE4/Content/LittleAlchemistGame/Characters/Main_Cacau/Bombs/Default/Beeg/BeegBombExplosion/BeegSparksEmitter.uasset" 421
"F:/OneDrive/Armazenamento_Davi/Projetos/Atelier/LittleAlchemistGame/LittleAlchemist_UE4/Content/LittleAlchemistGame/Characters/Main_Cacau/Bombs/Default/Beeg/BeegBombExplosion/BeegBombSystem.uasset" 422
"F:/OneDrive/Armazenamento_Davi/Projetos/Atelier/LittleAlchemistGame/LittleAlchemist_UE4/Content/LittleAlchemistGame/Characters/Main_Cacau/Bombs/Default/Beeg/Beeg_Bomb.uasset" 423
"F:/OneDrive/Armazenamento_Davi/Projetos/Atelier/LittleAlchemistGame/LittleAlchemist_UE4/Content/LittleAlchemistGame/Characters/Main_Cacau/Control/AttackCursor.uasset" 424
"F:/OneDrive/Armazenamento_Davi/Projetos/Atelier/LittleAlchemistGame/LittleAlchemist_UE4/Content/LittleAlchemistGame/Characters/Main_Cacau/Control/MovementCursor.uasset" 425
"F:/OneDrive/Armazenamento_Davi/Projetos/Atelier/LittleAlchemistGame/LittleAlchemist_UE4/Content/LittleAlchemistGame/Characters/Main_Cacau/Control/Cacau_Controller.uasset" 426
"F:/OneDrive/Armazenamento_Davi/Projetos/Atelier/LittleAlchemistGame/LittleAlchemist_UE4/Content/LittleAlchemistGame/Characters/Enemy_Jacare/BP_Jacare.uasset" 427
"F:/OneDrive/Armazenamento_Davi/Projetos/Atelier/LittleAlchemistGame/LittleAlchemist_UE4/Content/LittleAlchemistGame/Environment/Pantanal/Floor/MuddyWater.uasset" 428
"F:/OneDrive/Armazenamento_Davi/Projetos/Atelier/LittleAlchemistGame/LittleAlchemist_UE4/Content/LittleAlchemistGame/LevelGeneration/Chunks/ConstructionChunks/Pantanal/Layout_Major_01.uasset" 429
"F:/OneDrive/Armazenamento_Davi/Projetos/Atelier/LittleAlchemistGame/LittleAlchemist_UE4/Content/LittleAlchemistGame/LevelGeneration/Chunks/ConstructionChunks/Pantanal/LayoutRef.uasset" 430
"F:/OneDrive/Armazenamento_Davi/Projetos/Atelier/LittleAlchemistGame/LittleAlchemist_UE4/Content/LittleAlchemistGame/Environment/Pantanal/Floor/MajorFloor_01_Masks.uasset" 431
"F:/OneDrive/Armazenamento_Davi/Projetos/Atelier/LittleAlchemistGame/LittleAlchemist_UE4/Content/LittleAlchemistGame/Environment/Pantanal/Floor/MajorFloor.uasset" 432
"../../../Engine/Content/BasicShapes/Plane.uasset" 433
"F:/OneDrive/Armazenamento_Davi/Projetos/Atelier/LittleAlchemistGame/LittleAlchemist_UE4/Content/LittleAlchemistGame/Audio/SFX/Environment/Maquinario/maquina01.uasset" 434
"F:/OneDrive/Armazenamento_Davi/Projetos/Atelier/LittleAlchemistGame/LittleAlchemist_UE4/Content/LittleAlchemistGame/Audio/SFX/Environment/Maquinario/MaquinarioAtten.uasset" 435
"F:/OneDrive/Armazenamento_Davi/Projetos/Atelier/LittleAlchemistGame/LittleAlchemist_UE4/Content/LittleAlchemistGame/Audio/SFX/Environment/Maquinario/maquina01_Cue.uasset" 436
"F:/OneDrive/Armazenamento_Davi/Projetos/Atelier/LittleAlchemistGame/LittleAlchemist_UE4/Content/LittleAlchemistGame/Environment/Pantanal/Floor/Floor_Major_01.uasset" 437
"F:/OneDrive/Armazenamento_Davi/Projetos/Atelier/LittleAlchemistGame/LittleAlchemist_UE4/Content/LittleAlchemistGame/Environment/Pantanal/Maquinario/01/container.uasset" 438
"F:/OneDrive/Armazenamento_Davi/Projetos/Atelier/LittleAlchemistGame/LittleAlchemist_UE4/Content/LittleAlchemistGame/Environment/Pantanal/Maquinario/01/Maquinario_Cano_Chao_2.uasset" 439
"F:/OneDrive/Armazenamento_Davi/Projetos/Atelier/LittleAlchemistGame/LittleAlchemist_UE4/Content/LittleAlchemistGame/Environment/Pantanal/Maquinario/01/Maquinario_Maquina_Main.uasset" 440
"F:/OneDrive/Armazenamento_Davi/Projetos/Atelier/LittleAlchemistGame/LittleAlchemist_UE4/Content/LittleAlchemistGame/LevelGeneration/Chunks/ConstructionChunks/Pantanal/Pantanal_MajorChunk1.uasset" 441
"F:/OneDrive/Armazenamento_Davi/Projetos/Atelier/LittleAlchemistGame/LittleAlchemist_UE4/Content/LittleAlchemistGame/Characters/Enemy_Robo/texturarobo.uasset" 442
"F:/OneDrive/Armazenamento_Davi/Projetos/Atelier/LittleAlchemistGame/LittleAlchemist_UE4/Content/LittleAlchemistGame/Characters/Enemy_Robo/lambert2.uasset" 443
"F:/OneDrive/Armazenamento_Davi/Projetos/Atelier/LittleAlchemistGame/LittleAlchemist_UE4/Content/LittleAlchemistGame/Characters/Enemy_Robo/roboescalonado_uv_3.uasset" 444
"F:/OneDrive/Armazenamento_Davi/Projetos/Atelier/LittleAlchemistGame/LittleAlchemist_UE4/Content/LittleAlchemistGame/Characters/Enemy_Robo/Enemy_Robo_BP.uasset" 445
"F:/OneDrive/Armazenamento_Davi/Projetos/Atelier/LittleAlchemistGame/LittleAlchemist_UE4/Content/LittleAlchemistGame/LevelGeneration/Chunks/ConstructionChunks/Pantanal/Pantanal_MinorChunk1.uasset" 446
"../../../Engine/Content/BasicShapes/Cube.uasset" 447
"F:/OneDrive/Armazenamento_Davi/Projetos/Atelier/LittleAlchemistGame/LittleAlchemist_UE4/Content/LittleAlchemistGame/LevelGeneration/Chunks/ConstructionChunks/Pantanal/Pantanal_MinorChunk2.uasset" 448
"F:/OneDrive/Armazenamento_Davi/Projetos/Atelier/LittleAlchemistGame/LittleAlchemist_UE4/Content/LittleAlchemistGame/Characters/Enemy_Slime/SlimeMaterial.uasset" 449
"F:/OneDrive/Armazenamento_Davi/Projetos/Atelier/LittleAlchemistGame/LittleAlchemist_UE4/Content/LittleAlchemistGame/Characters/Enemy_Slime/ProxySlime.uasset" 450
"F:/OneDrive/Armazenamento_Davi/Projetos/Atelier/LittleAlchemistGame/LittleAlchemist_UE4/Content/LittleAlchemistGame/Characters/Enemy_Slime/Enemy_Slime.uasset" 451
"F:/OneDrive/Armazenamento_Davi/Projetos/Atelier/LittleAlchemistGame/LittleAlchemist_UE4/Content/LittleAlchemistGame/LevelGeneration/Chunks/ConstructionChunks/Prototype/MajorChunk1.uasset" 452
"F:/OneDrive/Armazenamento_Davi/Projetos/Atelier/LittleAlchemistGame/LittleAlchemist_UE4/Content/Geometry/Meshes/1M_Cube.uasset" 453
"F:/OneDrive/Armazenamento_Davi/Projetos/Atelier/LittleAlchemistGame/LittleAlchemist_UE4/Content/LittleAlchemistGame/LevelGeneration/Chunks/ConstructionChunks/Prototype/MinorChunk1.uasset" 454
"F:/OneDrive/Armazenamento_Davi/Projetos/Atelier/LittleAlchemistGame/LittleAlchemist_UE4/Content/LittleAlchemistGame/LevelGeneration/Chunks/ConstructionChunks/Prototype/MinorChunk2.uasset" 455
"F:/OneDrive/Armazenamento_Davi/Projetos/Atelier/LittleAlchemistGame/LittleAlchemist_UE4/Content/LittleAlchemistGame/Audio/Musics/Batalha_Base.uasset" 456
"F:/OneDrive/Armazenamento_Davi/Projetos/Atelier/LittleAlchemistGame/LittleAlchemist_UE4/Content/LittleAlchemistGame/Audio/Musics/Cacau.uasset" 457
"F:/OneDrive/Armazenamento_Davi/Projetos/Atelier/LittleAlchemistGame/LittleAlchemist_UE4/Content/LittleAlchemistGame/Audio/Musics/Chefe.uasset" 458
"F:/OneDrive/Armazenamento_Davi/Projetos/Atelier/LittleAlchemistGame/LittleAlchemist_UE4/Content/LittleAlchemistGame/Audio/Musics/Jacare.uasset" 459
"F:/OneDrive/Armazenamento_Davi/Projetos/Atelier/LittleAlchemistGame/LittleAlchemist_UE4/Content/LittleAlchemistGame/Audio/Musics/NotasPantanal.uasset" 460
"F:/OneDrive/Armazenamento_Davi/Projetos/Atelier/LittleAlchemistGame/LittleAlchemist_UE4/Content/LittleAlchemistGame/Audio/Musics/Piranha.uasset" 461
"F:/OneDrive/Armazenamento_Davi/Projetos/Atelier/LittleAlchemistGame/LittleAlchemist_UE4/Content/LittleAlchemistGame/Audio/Musics/BG_Music.uasset" 462
"F:/OneDrive/Armazenamento_Davi/Projetos/Atelier/LittleAlchemistGame/LittleAlchemist_UE4/Content/LittleAlchemistGame/GUI/IconsAndButtons/Bomb_1.uasset" 463
"F:/OneDrive/Armazenamento_Davi/Projetos/Atelier/LittleAlchemistGame/LittleAlchemist_UE4/Content/LittleAlchemistGame/GUI/IconsAndButtons/Bomb_2.uasset" 464
"F:/OneDrive/Armazenamento_Davi/Projetos/Atelier/LittleAlchemistGame/LittleAlchemist_UE4/Content/LittleAlchemistGame/GUI/IconsAndButtons/ico_botao_pausa.uasset" 465
"F:/OneDrive/Armazenamento_Davi/Projetos/Atelier/LittleAlchemistGame/LittleAlchemist_UE4/Content/LittleAlchemistGame/GUI/IconsAndButtons/ico_cacau.uasset" 466
"F:/OneDrive/Armazenamento_Davi/Projetos/Atelier/LittleAlchemistGame/LittleAlchemist_UE4/Content/LittleAlchemistGame/GUI/Screens/InGame/GameInfo.uasset" 467
"F:/OneDrive/Armazenamento_Davi/Projetos/Atelier/LittleAlchemistGame/LittleAlchemist_UE4/Content/LittleAlchemistGame/GUI/Screens/Loading/LoadingScreen.uasset" 468
"F:/OneDrive/Armazenamento_Davi/Projetos/Atelier/LittleAlchemistGame/LittleAlchemist_UE4/Content/LittleAlchemistGame/LittleAlchemistGM.uasset" 469
"F:/OneDrive/Armazenamento_Davi/Projetos/Atelier/LittleAlchemistGame/LittleAlchemist_UE4/Content/LittleAlchemistGame/Characters/GenericEnemy/EnemyHealthBar.uasset" 470
"F:/OneDrive/Armazenamento_Davi/Projetos/Atelier/LittleAlchemistGame/LittleAlchemist_UE4/Content/LittleAlchemistGame/Characters/Enemy_Jacare/TestPoseJacare_PhysicsAsset.uasset" 471
"F:/OneDrive/Armazenamento_Davi/Projetos/Atelier/LittleAlchemistGame/LittleAlchemist_UE4/Content/LittleAlchemistGame/Characters/Enemy_Jacare/TestPoseJacare.uasset" 472
"F:/OneDrive/Armazenamento_Davi/Projetos/Atelier/LittleAlchemistGame/LittleAlchemist_UE4/Content/LittleAlchemistGame/Characters/GenericEnemy/BP_GenEnemy.uasset" 473
"../../../Engine/Content/EngineSky/C_Sky_Cloud_Color.uasset" 474
"../../../Engine/Content/EngineSky/C_Sky_Horizon_Color.uasset" 475
"../../../Engine/Content/EngineSky/C_Sky_Zenith_Color.uasset" 476
"../../../Engine/Content/EngineSky/T_Sky_Blue.uasset" 477
"../../../Engine/Content/EngineSky/T_Sky_Clouds_M.uasset" 478
"../../../Engine/Content/EngineSky/T_Sky_Stars.uasset" 479
"../../../Engine/Content/EngineSky/M_Sky_Panning_Clouds2.uasset" 480
"../../../Engine/Content/EngineSky/SM_SkySphere.uasset" 481
"../../../Engine/Content/EngineSky/BP_Sky_Sphere.uasset" 482
"F:/OneDrive/Armazenamento_Davi/Projetos/Atelier/LittleAlchemistGame/LittleAlchemist_UE4/Content/LittleAlchemistGame/Maps/Gameplay/GameMap_BuiltData.uasset" 483
"F:/OneDrive/Armazenamento_Davi/Projetos/Atelier/LittleAlchemistGame/LittleAlchemist_UE4/Content/LittleAlchemistGame/Maps/Gameplay/GameMap.umap" 484
"F:/OneDrive/Armazenamento_Davi/Projetos/Atelier/LittleAlchemistGame/LittleAlchemist_UE4/Content/LittleAlchemistGame/GUI/IconsAndButtons/ico_escolher_mapa_menu_inicial.uasset" 485
"F:/OneDrive/Armazenamento_Davi/Projetos/Atelier/LittleAlchemistGame/LittleAlchemist_UE4/Content/LittleAlchemistGame/GUI/IconsAndButtons/ico_menu_inicial.uasset" 486
"F:/OneDrive/Armazenamento_Davi/Projetos/Atelier/LittleAlchemistGame/LittleAlchemist_UE4/Content/LittleAlchemistGame/Maps/Menus/WDG_StartMenu.uasset" 487
"F:/OneDrive/Armazenamento_Davi/Projetos/Atelier/LittleAlchemistGame/LittleAlchemist_UE4/Content/LittleAlchemistGame/Maps/Menus/StartMenu.umap" 488
"F:/OneDrive/Armazenamento_Davi/Projetos/Atelier/LittleAlchemistGame/LittleAlchemist_UE4/Content/LittleAlchemistGame/GUI/IconsAndButtons/ico_barra_telainicial.uasset" 489
"F:/OneDrive/Armazenamento_Davi/Projetos/Atelier/LittleAlchemistGame/LittleAlchemist_UE4/Content/LittleAlchemistGame/GUI/IconsAndButtons/ico_telainicial.uasset" 490
"F:/OneDrive/Armazenamento_Davi/Projetos/Atelier/LittleAlchemistGame/LittleAlchemist_UE4/Content/LittleAlchemistGame/Maps/Menus/WDG_StartScreen.uasset" 491
"F:/OneDrive/Armazenamento_Davi/Projetos/Atelier/LittleAlchemistGame/LittleAlchemist_UE4/Content/LittleAlchemistGame/Maps/Menus/StartScreen.umap" 492
"../../../Engine/Content/Maps/Entry_BuiltData.uasset" 493
"../../../Engine/Content/Maps/Entry.umap" 494
